This is pdfTeX, Version 3.141592653-2.6-1.40.26 (TeX Live 2024) (preloaded format=pdflatex 2024.12.4)  28 DEC 2024 23:14
entering extended mode
 restricted \write18 enabled.
 %&-line parsing enabled.
**Vignette.tex
(./Vignette.tex
LaTeX2e <2024-11-01> patch level 1
L3 programming layer <2024-11-02>
(/Users/jacoboram/Library/TinyTeX/texmf-dist/tex/latex/base/article.cls
Document Class: article 2024/06/29 v1.4n Standard LaTeX document class
(/Users/jacoboram/Library/TinyTeX/texmf-dist/tex/latex/base/size10.clo
File: size10.clo 2024/06/29 v1.4n Standard LaTeX file (size option)
)
\c@part=\count196
\c@section=\count197
\c@subsection=\count198
\c@subsubsection=\count199
\c@paragraph=\count266
\c@subparagraph=\count267
\c@figure=\count268
\c@table=\count269
\abovecaptionskip=\skip49
\belowcaptionskip=\skip50
\bibindent=\dimen141
) (/Users/jacoboram/Library/TinyTeX/texmf-dist/tex/latex/amsmath/amsmath.sty
Package: amsmath 2024/11/05 v2.17t AMS math features
\@mathmargin=\skip51
For additional information on amsmath, use the `?' option.
(/Users/jacoboram/Library/TinyTeX/texmf-dist/tex/latex/amsmath/amstext.sty
Package: amstext 2021/08/26 v2.01 AMS text
(/Users/jacoboram/Library/TinyTeX/texmf-dist/tex/latex/amsmath/amsgen.sty
File: amsgen.sty 1999/11/30 v2.0 generic functions
\@emptytoks=\toks17
\ex@=\dimen142
)) (/Users/jacoboram/Library/TinyTeX/texmf-dist/tex/latex/amsmath/amsbsy.sty
Package: amsbsy 1999/11/29 v1.2d Bold Symbols
\pmbraise@=\dimen143
) (/Users/jacoboram/Library/TinyTeX/texmf-dist/tex/latex/amsmath/amsopn.sty
Package: amsopn 2022/04/08 v2.04 operator names
)
\inf@bad=\count270
LaTeX Info: Redefining \frac on input line 233.
\uproot@=\count271
\leftroot@=\count272
LaTeX Info: Redefining \overline on input line 398.
LaTeX Info: Redefining \colon on input line 409.
\classnum@=\count273
\DOTSCASE@=\count274
LaTeX Info: Redefining \ldots on input line 495.
LaTeX Info: Redefining \dots on input line 498.
LaTeX Info: Redefining \cdots on input line 619.
\Mathstrutbox@=\box52
\strutbox@=\box53
LaTeX Info: Redefining \big on input line 721.
LaTeX Info: Redefining \Big on input line 722.
LaTeX Info: Redefining \bigg on input line 723.
LaTeX Info: Redefining \Bigg on input line 724.
\big@size=\dimen144
LaTeX Font Info:    Redeclaring font encoding OML on input line 742.
LaTeX Font Info:    Redeclaring font encoding OMS on input line 743.
\macc@depth=\count275
LaTeX Info: Redefining \bmod on input line 904.
LaTeX Info: Redefining \pmod on input line 909.
LaTeX Info: Redefining \smash on input line 939.
LaTeX Info: Redefining \relbar on input line 969.
LaTeX Info: Redefining \Relbar on input line 970.
\c@MaxMatrixCols=\count276
\dotsspace@=\muskip17
\c@parentequation=\count277
\dspbrk@lvl=\count278
\tag@help=\toks18
\row@=\count279
\column@=\count280
\maxfields@=\count281
\andhelp@=\toks19
\eqnshift@=\dimen145
\alignsep@=\dimen146
\tagshift@=\dimen147
\tagwidth@=\dimen148
\totwidth@=\dimen149
\lineht@=\dimen150
\@envbody=\toks20
\multlinegap=\skip52
\multlinetaggap=\skip53
\mathdisplay@stack=\toks21
LaTeX Info: Redefining \[ on input line 2953.
LaTeX Info: Redefining \] on input line 2954.
) (/Users/jacoboram/Library/TinyTeX/texmf-dist/tex/latex/amsfonts/amssymb.sty
Package: amssymb 2013/01/14 v3.01 AMS font symbols
(/Users/jacoboram/Library/TinyTeX/texmf-dist/tex/latex/amsfonts/amsfonts.sty
Package: amsfonts 2013/01/14 v3.01 Basic AMSFonts support
\symAMSa=\mathgroup4
\symAMSb=\mathgroup5
LaTeX Font Info:    Redeclaring math symbol \hbar on input line 98.
LaTeX Font Info:    Overwriting math alphabet `\mathfrak' in version `bold'
(Font)                  U/euf/m/n --> U/euf/b/n on input line 106.
)) (/Users/jacoboram/Library/TinyTeX/texmf-dist/tex/generic/iftex/iftex.sty
Package: iftex 2022/02/03 v1.0f TeX engine tests
) (/Users/jacoboram/Library/TinyTeX/texmf-dist/tex/latex/base/fontenc.sty
Package: fontenc 2021/04/29 v2.0v Standard LaTeX package
) (/Users/jacoboram/Library/TinyTeX/texmf-dist/tex/latex/base/inputenc.sty
Package: inputenc 2024/02/08 v1.3d Input encoding file
\inpenc@prehook=\toks22
\inpenc@posthook=\toks23
) (/Users/jacoboram/Library/TinyTeX/texmf-dist/tex/latex/base/textcomp.sty
Package: textcomp 2024/04/24 v2.1b Standard LaTeX package
) (/Users/jacoboram/Library/TinyTeX/texmf-dist/tex/latex/lm/lmodern.sty
Package: lmodern 2015/05/01 v1.6.1 Latin Modern Fonts
LaTeX Font Info:    Overwriting symbol font `operators' in version `normal'
(Font)                  OT1/cmr/m/n --> OT1/lmr/m/n on input line 22.
LaTeX Font Info:    Overwriting symbol font `letters' in version `normal'
(Font)                  OML/cmm/m/it --> OML/lmm/m/it on input line 23.
LaTeX Font Info:    Overwriting symbol font `symbols' in version `normal'
(Font)                  OMS/cmsy/m/n --> OMS/lmsy/m/n on input line 24.
LaTeX Font Info:    Overwriting symbol font `largesymbols' in version `normal'
(Font)                  OMX/cmex/m/n --> OMX/lmex/m/n on input line 25.
LaTeX Font Info:    Overwriting symbol font `operators' in version `bold'
(Font)                  OT1/cmr/bx/n --> OT1/lmr/bx/n on input line 26.
LaTeX Font Info:    Overwriting symbol font `letters' in version `bold'
(Font)                  OML/cmm/b/it --> OML/lmm/b/it on input line 27.
LaTeX Font Info:    Overwriting symbol font `symbols' in version `bold'
(Font)                  OMS/cmsy/b/n --> OMS/lmsy/b/n on input line 28.
LaTeX Font Info:    Overwriting symbol font `largesymbols' in version `bold'
(Font)                  OMX/cmex/m/n --> OMX/lmex/m/n on input line 29.
LaTeX Font Info:    Overwriting math alphabet `\mathbf' in version `normal'
(Font)                  OT1/cmr/bx/n --> OT1/lmr/bx/n on input line 31.
LaTeX Font Info:    Overwriting math alphabet `\mathsf' in version `normal'
(Font)                  OT1/cmss/m/n --> OT1/lmss/m/n on input line 32.
LaTeX Font Info:    Overwriting math alphabet `\mathit' in version `normal'
(Font)                  OT1/cmr/m/it --> OT1/lmr/m/it on input line 33.
LaTeX Font Info:    Overwriting math alphabet `\mathtt' in version `normal'
(Font)                  OT1/cmtt/m/n --> OT1/lmtt/m/n on input line 34.
LaTeX Font Info:    Overwriting math alphabet `\mathbf' in version `bold'
(Font)                  OT1/cmr/bx/n --> OT1/lmr/bx/n on input line 35.
LaTeX Font Info:    Overwriting math alphabet `\mathsf' in version `bold'
(Font)                  OT1/cmss/bx/n --> OT1/lmss/bx/n on input line 36.
LaTeX Font Info:    Overwriting math alphabet `\mathit' in version `bold'
(Font)                  OT1/cmr/bx/it --> OT1/lmr/bx/it on input line 37.
LaTeX Font Info:    Overwriting math alphabet `\mathtt' in version `bold'
(Font)                  OT1/cmtt/m/n --> OT1/lmtt/m/n on input line 38.
) (/Users/jacoboram/Library/TinyTeX/texmf-dist/tex/latex/xcolor/xcolor.sty
Package: xcolor 2024/09/29 v3.02 LaTeX color extensions (UK)
(/Users/jacoboram/Library/TinyTeX/texmf-dist/tex/latex/graphics-cfg/color.cfg
File: color.cfg 2016/01/02 v1.6 sample color configuration
)
Package xcolor Info: Driver file: pdftex.def on input line 274.
(/Users/jacoboram/Library/TinyTeX/texmf-dist/tex/latex/graphics-def/pdftex.def
File: pdftex.def 2024/04/13 v1.2c Graphics/color driver for pdftex
) (/Users/jacoboram/Library/TinyTeX/texmf-dist/tex/latex/graphics/mathcolor.ltx)
Package xcolor Info: Model `cmy' substituted by `cmy0' on input line 1349.
Package xcolor Info: Model `hsb' substituted by `rgb' on input line 1353.
Package xcolor Info: Model `RGB' extended on input line 1365.
Package xcolor Info: Model `HTML' substituted by `rgb' on input line 1367.
Package xcolor Info: Model `Hsb' substituted by `hsb' on input line 1368.
Package xcolor Info: Model `tHsb' substituted by `hsb' on input line 1369.
Package xcolor Info: Model `HSB' substituted by `hsb' on input line 1370.
Package xcolor Info: Model `Gray' substituted by `gray' on input line 1371.
Package xcolor Info: Model `wave' substituted by `hsb' on input line 1372.
) (/Users/jacoboram/Library/TinyTeX/texmf-dist/tex/latex/geometry/geometry.sty
Package: geometry 2020/01/02 v5.9 Page Geometry
(/Users/jacoboram/Library/TinyTeX/texmf-dist/tex/latex/graphics/keyval.sty
Package: keyval 2022/05/29 v1.15 key=value parser (DPC)
\KV@toks@=\toks24
) (/Users/jacoboram/Library/TinyTeX/texmf-dist/tex/generic/iftex/ifvtex.sty
Package: ifvtex 2019/10/25 v1.7 ifvtex legacy package. Use iftex instead.
)
\Gm@cnth=\count282
\Gm@cntv=\count283
\c@Gm@tempcnt=\count284
\Gm@bindingoffset=\dimen151
\Gm@wd@mp=\dimen152
\Gm@odd@mp=\dimen153
\Gm@even@mp=\dimen154
\Gm@layoutwidth=\dimen155
\Gm@layoutheight=\dimen156
\Gm@layouthoffset=\dimen157
\Gm@layoutvoffset=\dimen158
\Gm@dimlist=\toks25
) (/Users/jacoboram/Library/TinyTeX/texmf-dist/tex/latex/fancyvrb/fancyvrb.sty
Package: fancyvrb 2024/01/20 4.5c verbatim text (tvz,hv)
\FV@CodeLineNo=\count285
\FV@InFile=\read2
\FV@TabBox=\box54
\c@FancyVerbLine=\count286
\FV@StepNumber=\count287
\FV@OutFile=\write3
) (/Users/jacoboram/Library/TinyTeX/texmf-dist/tex/latex/framed/framed.sty
Package: framed 2011/10/22 v 0.96: framed or shaded text with page breaks
\OuterFrameSep=\skip54
\fb@frw=\dimen159
\fb@frh=\dimen160
\FrameRule=\dimen161
\FrameSep=\dimen162
) (/Users/jacoboram/Library/TinyTeX/texmf-dist/tex/latex/tools/longtable.sty
Package: longtable 2024-10-27 v4.22 Multi-page Table package (DPC)
\LTleft=\skip55
\LTright=\skip56
\LTpre=\skip57
\LTpost=\skip58
\LTchunksize=\count288
\LTcapwidth=\dimen163
\LT@head=\box55
\LT@firsthead=\box56
\LT@foot=\box57
\LT@lastfoot=\box58
\LT@gbox=\box59
\LT@cols=\count289
\LT@rows=\count290
\c@LT@tables=\count291
\c@LT@chunks=\count292
\LT@p@ftn=\toks26
) (/Users/jacoboram/Library/TinyTeX/texmf-dist/tex/latex/booktabs/booktabs.sty
Package: booktabs 2020/01/12 v1.61803398 Publication quality tables
\heavyrulewidth=\dimen164
\lightrulewidth=\dimen165
\cmidrulewidth=\dimen166
\belowrulesep=\dimen167
\belowbottomsep=\dimen168
\aboverulesep=\dimen169
\abovetopsep=\dimen170
\cmidrulesep=\dimen171
\cmidrulekern=\dimen172
\defaultaddspace=\dimen173
\@cmidla=\count293
\@cmidlb=\count294
\@aboverulesep=\dimen174
\@belowrulesep=\dimen175
\@thisruleclass=\count295
\@lastruleclass=\count296
\@thisrulewidth=\dimen176
) (/Users/jacoboram/Library/TinyTeX/texmf-dist/tex/latex/tools/array.sty
Package: array 2024/10/17 v2.6g Tabular extension package (FMi)
\col@sep=\dimen177
\ar@mcellbox=\box60
\extrarowheight=\dimen178
\NC@list=\toks27
\extratabsurround=\skip59
\backup@length=\skip60
\ar@cellbox=\box61
) (/Users/jacoboram/Library/TinyTeX/texmf-dist/tex/latex/tools/calc.sty
Package: calc 2023/07/08 v4.3 Infix arithmetic (KKT,FJ)
\calc@Acount=\count297
\calc@Bcount=\count298
\calc@Adimen=\dimen179
\calc@Bdimen=\dimen180
\calc@Askip=\skip61
\calc@Bskip=\skip62
LaTeX Info: Redefining \setlength on input line 80.
LaTeX Info: Redefining \addtolength on input line 81.
\calc@Ccount=\count299
\calc@Cskip=\skip63
) (/Users/jacoboram/Library/TinyTeX/texmf-dist/tex/latex/etoolbox/etoolbox.sty
Package: etoolbox 2020/10/05 v2.5k e-TeX tools for LaTeX (JAW)
\etb@tempcnta=\count300
) (/Users/jacoboram/Library/TinyTeX/texmf-dist/tex/latex/mdwtools/footnote.sty
Package: footnote 1997/01/28 1.13 Save footnotes around boxes
\fn@notes=\box62
\fn@width=\dimen181
) (/Users/jacoboram/Library/TinyTeX/texmf-dist/tex/latex/graphics/graphicx.sty
Package: graphicx 2021/09/16 v1.2d Enhanced LaTeX Graphics (DPC,SPQR)
(/Users/jacoboram/Library/TinyTeX/texmf-dist/tex/latex/graphics/graphics.sty
Package: graphics 2024/08/06 v1.4g Standard LaTeX Graphics (DPC,SPQR)
(/Users/jacoboram/Library/TinyTeX/texmf-dist/tex/latex/graphics/trig.sty
Package: trig 2023/12/02 v1.11 sin cos tan (DPC)
) (/Users/jacoboram/Library/TinyTeX/texmf-dist/tex/latex/graphics-cfg/graphics.cfg
File: graphics.cfg 2016/06/04 v1.11 sample graphics configuration
)
Package graphics Info: Driver file: pdftex.def on input line 106.
)
\Gin@req@height=\dimen182
\Gin@req@width=\dimen183
)
\cslhangindent=\skip64
\csllabelwidth=\skip65
(/Users/jacoboram/Library/TinyTeX/texmf-dist/tex/latex/setspace/setspace.sty
Package: setspace 2022/12/04 v6.7b set line spacing
) (/Users/jacoboram/Library/TinyTeX/texmf-dist/tex/latex/float/float.sty
Package: float 2001/11/08 v1.3d Float enhancements (AL)
\c@float@type=\count301
\float@exts=\toks28
\float@box=\box63
\@float@everytoks=\toks29
\@floatcapt=\box64
) (/Users/jacoboram/Library/TinyTeX/texmf-dist/tex/latex/underscore/underscore.sty
Package: underscore 2006/09/13
LaTeX Info: Redefining \_ on input line 42.
) (/Users/jacoboram/Library/TinyTeX/texmf-dist/tex/latex/firstaid/underscore-ltx.sty
Package: underscore-ltx 2023/09/20 LaTeX firstaid to make underscore protected 
) (/Users/jacoboram/Library/TinyTeX/texmf-dist/tex/latex/multirow/multirow.sty
Package: multirow 2024/11/12 v2.9 Span multiple rows of a table
\multirow@colwidth=\skip66
\multirow@cntb=\count302
\multirow@dima=\skip67
\bigstrutjot=\dimen184
) (/Users/jacoboram/Library/TinyTeX/texmf-dist/tex/latex/wrapfig/wrapfig.sty
\wrapoverhang=\dimen185
\WF@size=\dimen186
\c@WF@wrappedlines=\count303
\WF@box=\box65
\WF@everypar=\toks30
Package: wrapfig 2003/01/31  v 3.6
) (/Users/jacoboram/Library/TinyTeX/texmf-dist/tex/latex/colortbl/colortbl.sty
Package: colortbl 2024/07/06 v1.0i Color table columns (DPC)
\everycr=\toks31
\minrowclearance=\skip68
\rownum=\count304
) (/Users/jacoboram/Library/TinyTeX/texmf-dist/tex/latex/pdflscape/pdflscape.sty
Package: pdflscape 2022-10-27 v0.13 Display of landscape pages in PDF
(/Users/jacoboram/Library/TinyTeX/texmf-dist/tex/latex/pdflscape/pdflscape-nometadata.sty
Package: pdflscape-nometadata 2022-10-28 v0.13 Display of landscape pages in PDF (HO)
(/Users/jacoboram/Library/TinyTeX/texmf-dist/tex/latex/graphics/lscape.sty
Package: lscape 2020/05/28 v3.02 Landscape Pages (DPC)
)
Package pdflscape Info: Auto-detected driver: pdftex on input line 81.
)) (/Users/jacoboram/Library/TinyTeX/texmf-dist/tex/latex/tabu/tabu.sty
Package: tabu 2019/01/11 v2.9 - flexible LaTeX tabulars (FC+tabu-fixed)
(/Users/jacoboram/Library/TinyTeX/texmf-dist/tex/latex/varwidth/varwidth.sty
Package: varwidth 2009/03/30 ver 0.92;  Variable-width minipages
\@vwid@box=\box66
\sift@deathcycles=\count305
\@vwid@loff=\dimen187
\@vwid@roff=\dimen188
)
\c@taburow=\count306
\tabu@nbcols=\count307
\tabu@cnt=\count308
\tabu@Xcol=\count309
\tabu@alloc=\count310
\tabu@nested=\count311
\tabu@target=\dimen189
\tabu@spreadtarget=\dimen190
\tabu@naturalX=\dimen191
\tabucolX=\dimen192
\tabu@Xsum=\dimen193
\extrarowdepth=\dimen194
\abovetabulinesep=\dimen195
\belowtabulinesep=\dimen196
\tabustrutrule=\dimen197
\tabu@thebody=\toks32
\tabu@footnotes=\toks33
\tabu@box=\box67
\tabu@arstrutbox=\box68
\tabu@hleads=\box69
\tabu@vleads=\box70
\tabu@cellskip=\skip69
) (/Users/jacoboram/Library/TinyTeX/texmf-dist/tex/latex/threeparttable/threeparttable.sty
Package: threeparttable 2003/06/13  v 3.0
\@tempboxb=\box71
) (/Users/jacoboram/Library/TinyTeX/texmf-dist/tex/latex/threeparttablex/threeparttablex.sty
Package: threeparttablex 2013/07/23 v0.3 by daleif
(/Users/jacoboram/Library/TinyTeX/texmf-dist/tex/latex/environ/environ.sty
Package: environ 2014/05/04 v0.3 A new way to define environments
(/Users/jacoboram/Library/TinyTeX/texmf-dist/tex/latex/trimspaces/trimspaces.sty
Package: trimspaces 2009/09/17 v1.1 Trim spaces around a token list
))
\TPTL@width=\skip70
) (/Users/jacoboram/Library/TinyTeX/texmf-dist/tex/generic/ulem/ulem.sty
\UL@box=\box72
\UL@hyphenbox=\box73
\UL@skip=\skip71
\UL@hook=\toks34
\UL@height=\dimen198
\UL@pe=\count312
\UL@pixel=\dimen199
\ULC@box=\box74
Package: ulem 2019/11/18
\ULdepth=\dimen256
) (/Users/jacoboram/Library/TinyTeX/texmf-dist/tex/latex/makecell/makecell.sty
Package: makecell 2009/08/03 V0.1e Managing of Tab Column Heads and Cells
\rotheadsize=\dimen257
\c@nlinenum=\count313
\TeXr@lab=\toks35
) (/Users/jacoboram/Library/TinyTeX/texmf-dist/tex/latex/bookmark/bookmark.sty
Package: bookmark 2023-12-10 v1.31 PDF bookmarks (HO)
(/Users/jacoboram/Library/TinyTeX/texmf-dist/tex/latex/hyperref/hyperref.sty
Package: hyperref 2024-11-05 v7.01l Hypertext links for LaTeX
(/Users/jacoboram/Library/TinyTeX/texmf-dist/tex/latex/kvsetkeys/kvsetkeys.sty
Package: kvsetkeys 2022-10-05 v1.19 Key value parser (HO)
) (/Users/jacoboram/Library/TinyTeX/texmf-dist/tex/generic/kvdefinekeys/kvdefinekeys.sty
Package: kvdefinekeys 2019-12-19 v1.6 Define keys (HO)
) (/Users/jacoboram/Library/TinyTeX/texmf-dist/tex/generic/pdfescape/pdfescape.sty
Package: pdfescape 2019/12/09 v1.15 Implements pdfTeX's escape features (HO)
(/Users/jacoboram/Library/TinyTeX/texmf-dist/tex/generic/ltxcmds/ltxcmds.sty
Package: ltxcmds 2023-12-04 v1.26 LaTeX kernel commands for general use (HO)
) (/Users/jacoboram/Library/TinyTeX/texmf-dist/tex/generic/pdftexcmds/pdftexcmds.sty
Package: pdftexcmds 2020-06-27 v0.33 Utility functions of pdfTeX for LuaTeX (HO)
(/Users/jacoboram/Library/TinyTeX/texmf-dist/tex/generic/infwarerr/infwarerr.sty
Package: infwarerr 2019/12/03 v1.5 Providing info/warning/error messages (HO)
)
Package pdftexcmds Info: \pdf@primitive is available.
Package pdftexcmds Info: \pdf@ifprimitive is available.
Package pdftexcmds Info: \pdfdraftmode found.
)) (/Users/jacoboram/Library/TinyTeX/texmf-dist/tex/latex/hycolor/hycolor.sty
Package: hycolor 2020-01-27 v1.10 Color options for hyperref/bookmark (HO)
) (/Users/jacoboram/Library/TinyTeX/texmf-dist/tex/latex/hyperref/nameref.sty
Package: nameref 2023-11-26 v2.56 Cross-referencing by name of section
(/Users/jacoboram/Library/TinyTeX/texmf-dist/tex/latex/refcount/refcount.sty
Package: refcount 2019/12/15 v3.6 Data extraction from label references (HO)
) (/Users/jacoboram/Library/TinyTeX/texmf-dist/tex/generic/gettitlestring/gettitlestring.sty
Package: gettitlestring 2019/12/15 v1.6 Cleanup title references (HO)
(/Users/jacoboram/Library/TinyTeX/texmf-dist/tex/latex/kvoptions/kvoptions.sty
Package: kvoptions 2022-06-15 v3.15 Key value format for package options (HO)
))
\c@section@level=\count314
) (/Users/jacoboram/Library/TinyTeX/texmf-dist/tex/generic/stringenc/stringenc.sty
Package: stringenc 2019/11/29 v1.12 Convert strings between diff. encodings (HO)
)
\@linkdim=\dimen258
\Hy@linkcounter=\count315
\Hy@pagecounter=\count316
(/Users/jacoboram/Library/TinyTeX/texmf-dist/tex/latex/hyperref/pd1enc.def
File: pd1enc.def 2024-11-05 v7.01l Hyperref: PDFDocEncoding definition (HO)
Now handling font encoding PD1 ...
... no UTF-8 mapping file for font encoding PD1
) (/Users/jacoboram/Library/TinyTeX/texmf-dist/tex/generic/intcalc/intcalc.sty
Package: intcalc 2019/12/15 v1.3 Expandable calculations with integers (HO)
)
\Hy@SavedSpaceFactor=\count317
(/Users/jacoboram/Library/TinyTeX/texmf-dist/tex/latex/hyperref/puenc.def
File: puenc.def 2024-11-05 v7.01l Hyperref: PDF Unicode definition (HO)
Now handling font encoding PU ...
... no UTF-8 mapping file for font encoding PU
)
Package hyperref Info: Option `unicode' set `true' on input line 4040.
Package hyperref Info: Hyper figures OFF on input line 4157.
Package hyperref Info: Link nesting OFF on input line 4162.
Package hyperref Info: Hyper index ON on input line 4165.
Package hyperref Info: Plain pages OFF on input line 4172.
Package hyperref Info: Backreferencing OFF on input line 4177.
Package hyperref Info: Implicit mode ON; LaTeX internals redefined.
Package hyperref Info: Bookmarks ON on input line 4424.
\c@Hy@tempcnt=\count318
(/Users/jacoboram/Library/TinyTeX/texmf-dist/tex/latex/url/url.sty
\Urlmuskip=\muskip18
Package: url 2013/09/16  ver 3.4  Verb mode for urls, etc.
)
LaTeX Info: Redefining \url on input line 4763.
\XeTeXLinkMargin=\dimen259
(/Users/jacoboram/Library/TinyTeX/texmf-dist/tex/generic/bitset/bitset.sty
Package: bitset 2019/12/09 v1.3 Handle bit-vector datatype (HO)
(/Users/jacoboram/Library/TinyTeX/texmf-dist/tex/generic/bigintcalc/bigintcalc.sty
Package: bigintcalc 2019/12/15 v1.5 Expandable calculations on big integers (HO)
))
\Fld@menulength=\count319
\Field@Width=\dimen260
\Fld@charsize=\dimen261
Package hyperref Info: Hyper figures OFF on input line 6042.
Package hyperref Info: Link nesting OFF on input line 6047.
Package hyperref Info: Hyper index ON on input line 6050.
Package hyperref Info: backreferencing OFF on input line 6057.
Package hyperref Info: Link coloring OFF on input line 6062.
Package hyperref Info: Link coloring with OCG OFF on input line 6067.
Package hyperref Info: PDF/A mode OFF on input line 6072.
(/Users/jacoboram/Library/TinyTeX/texmf-dist/tex/latex/base/atbegshi-ltx.sty
Package: atbegshi-ltx 2021/01/10 v1.0c Emulation of the original atbegshi
package with kernel methods
)
\Hy@abspage=\count320
\c@Item=\count321
\c@Hfootnote=\count322
)
Package hyperref Info: Driver (autodetected): hpdftex.
(/Users/jacoboram/Library/TinyTeX/texmf-dist/tex/latex/hyperref/hpdftex.def
File: hpdftex.def 2024-11-05 v7.01l Hyperref driver for pdfTeX
(/Users/jacoboram/Library/TinyTeX/texmf-dist/tex/latex/base/atveryend-ltx.sty
Package: atveryend-ltx 2020/08/19 v1.0a Emulation of the original atveryend package
with kernel methods
)
\Fld@listcount=\count323
\c@bookmark@seq@number=\count324
(/Users/jacoboram/Library/TinyTeX/texmf-dist/tex/latex/rerunfilecheck/rerunfilecheck.sty
Package: rerunfilecheck 2022-07-10 v1.10 Rerun checks for auxiliary files (HO)
(/Users/jacoboram/Library/TinyTeX/texmf-dist/tex/generic/uniquecounter/uniquecounter.sty
Package: uniquecounter 2019/12/15 v1.4 Provide unlimited unique counter (HO)
)
Package uniquecounter Info: New unique counter `rerunfilecheck' on input line 285.
)
\Hy@SectionHShift=\skip72
) (/Users/jacoboram/Library/TinyTeX/texmf-dist/tex/latex/bookmark/bkm-pdftex.def
File: bkm-pdftex.def 2023-12-10 v1.31 bookmark driver for pdfTeX and luaTeX (HO)
\BKM@id=\count325
))
LaTeX Font Info:    Trying to load font information for T1+lmr on input line 174.
(/Users/jacoboram/Library/TinyTeX/texmf-dist/tex/latex/lm/t1lmr.fd
File: t1lmr.fd 2015/05/01 v1.6.1 Font defs for Latin Modern
) (/Users/jacoboram/Library/TinyTeX/texmf-dist/tex/latex/l3backend/l3backend-pdftex.def
File: l3backend-pdftex.def 2024-05-08 L3 backend support: PDF output (pdfTeX)
\l__color_backend_stack_int=\count326
\l__pdf_internal_box=\box75
) (./Vignette.aux)
\openout1 = `Vignette.aux'.

LaTeX Font Info:    Checking defaults for OML/cmm/m/it on input line 174.
LaTeX Font Info:    ... okay on input line 174.
LaTeX Font Info:    Checking defaults for OMS/cmsy/m/n on input line 174.
LaTeX Font Info:    ... okay on input line 174.
LaTeX Font Info:    Checking defaults for OT1/cmr/m/n on input line 174.
LaTeX Font Info:    ... okay on input line 174.
LaTeX Font Info:    Checking defaults for T1/cmr/m/n on input line 174.
LaTeX Font Info:    ... okay on input line 174.
LaTeX Font Info:    Checking defaults for TS1/cmr/m/n on input line 174.
LaTeX Font Info:    ... okay on input line 174.
LaTeX Font Info:    Checking defaults for OMX/cmex/m/n on input line 174.
LaTeX Font Info:    ... okay on input line 174.
LaTeX Font Info:    Checking defaults for U/cmr/m/n on input line 174.
LaTeX Font Info:    ... okay on input line 174.
LaTeX Font Info:    Checking defaults for PD1/pdf/m/n on input line 174.
LaTeX Font Info:    ... okay on input line 174.
LaTeX Font Info:    Checking defaults for PU/pdf/m/n on input line 174.
LaTeX Font Info:    ... okay on input line 174.
(/Users/jacoboram/Library/TinyTeX/texmf-dist/tex/latex/epstopdf-pkg/epstopdf-base.sty
Package: epstopdf-base 2020-01-24 v2.11 Base part for package epstopdf
Package epstopdf-base Info: Redefining graphics rule for `.eps' on input line 485.
(/Users/jacoboram/Library/TinyTeX/texmf-dist/tex/latex/latexconfig/epstopdf-sys.cfg
File: epstopdf-sys.cfg 2010/07/13 v1.3 Configuration of (r)epstopdf for TeX Live
))
*geometry* driver: auto-detecting
*geometry* detected driver: pdftex
*geometry* verbose mode - [ preamble ] result:
* driver: pdftex
* paper: <default>
* layout: <same size as paper>
* layoutoffset:(h,v)=(0.0pt,0.0pt)
* modes: 
* h-part:(L,W,R)=(72.26999pt, 469.75502pt, 72.26999pt)
* v-part:(T,H,B)=(72.26999pt, 650.43001pt, 72.26999pt)
* \paperwidth=614.295pt
* \paperheight=794.96999pt
* \textwidth=469.75502pt
* \textheight=650.43001pt
* \oddsidemargin=0.0pt
* \evensidemargin=0.0pt
* \topmargin=-37.0pt
* \headheight=12.0pt
* \headsep=25.0pt
* \topskip=10.0pt
* \footskip=30.0pt
* \marginparwidth=65.0pt
* \marginparsep=11.0pt
* \columnsep=10.0pt
* \skip\footins=9.0pt plus 4.0pt minus 2.0pt
* \hoffset=0.0pt
* \voffset=0.0pt
* \mag=1000
* \@twocolumnfalse
* \@twosidefalse
* \@mparswitchfalse
* \@reversemarginfalse
* (1in=72.27pt=25.4mm, 1cm=28.453pt)

Package hyperref Info: Link coloring OFF on input line 174.
LaTeX Font Info:    Trying to load font information for T1+lmtt on input line 176.
(/Users/jacoboram/Library/TinyTeX/texmf-dist/tex/latex/lm/t1lmtt.fd
File: t1lmtt.fd 2015/05/01 v1.6.1 Font defs for Latin Modern
)
LaTeX Font Info:    Trying to load font information for OT1+lmr on input line 176.
(/Users/jacoboram/Library/TinyTeX/texmf-dist/tex/latex/lm/ot1lmr.fd
File: ot1lmr.fd 2015/05/01 v1.6.1 Font defs for Latin Modern
)
LaTeX Font Info:    Trying to load font information for OML+lmm on input line 176.
(/Users/jacoboram/Library/TinyTeX/texmf-dist/tex/latex/lm/omllmm.fd
File: omllmm.fd 2015/05/01 v1.6.1 Font defs for Latin Modern
)
LaTeX Font Info:    Trying to load font information for OMS+lmsy on input line 176.
(/Users/jacoboram/Library/TinyTeX/texmf-dist/tex/latex/lm/omslmsy.fd
File: omslmsy.fd 2015/05/01 v1.6.1 Font defs for Latin Modern
)
LaTeX Font Info:    Trying to load font information for OMX+lmex on input line 176.
(/Users/jacoboram/Library/TinyTeX/texmf-dist/tex/latex/lm/omxlmex.fd
File: omxlmex.fd 2015/05/01 v1.6.1 Font defs for Latin Modern
)
LaTeX Font Info:    External font `lmex10' loaded for size
(Font)              <12> on input line 176.
LaTeX Font Info:    External font `lmex10' loaded for size
(Font)              <8> on input line 176.
LaTeX Font Info:    External font `lmex10' loaded for size
(Font)              <6> on input line 176.
LaTeX Font Info:    Trying to load font information for U+msa on input line 176.
(/Users/jacoboram/Library/TinyTeX/texmf-dist/tex/latex/amsfonts/umsa.fd
File: umsa.fd 2013/01/14 v3.01 AMS symbols A
)
LaTeX Font Info:    Trying to load font information for U+msb on input line 176.
(/Users/jacoboram/Library/TinyTeX/texmf-dist/tex/latex/amsfonts/umsb.fd
File: umsb.fd 2013/01/14 v3.01 AMS symbols B
)
LaTeX Font Info:    External font `lmex10' loaded for size
(Font)              <10> on input line 180.
LaTeX Font Info:    External font `lmex10' loaded for size
(Font)              <7> on input line 180.
LaTeX Font Info:    External font `lmex10' loaded for size
(Font)              <5> on input line 180.


[1

{/Users/jacoboram/Library/TinyTeX/texmf-var/fonts/map/pdftex/updmap/pdftex.map}{/Users/jacoboram/Library/TinyTeX/texmf-dist/fonts/enc/dvips/lm/lm-ec.enc}] (./Vignette.toc)
\tf@toc=\write4
\openout4 = `Vignette.toc'.



[2]
Overfull \hbox (11.32774pt too wide) in paragraph at lines 205--206
[]\T1/lmr/m/n/10 We em-pha-size that re-sults from any sim-u-la-tion study -- in-clud-ing those pro-duced us-ing the \T1/lmtt/m/n/10 ValidationExplorer
 []



[3]
LaTeX Font Info:    Trying to load font information for TS1+lmr on input line 231.
(/Users/jacoboram/Library/TinyTeX/texmf-dist/tex/latex/lm/ts1lmr.fd
File: ts1lmr.fd 2015/05/01 v1.6.1 Font defs for Latin Modern
)

[4{/Users/jacoboram/Library/TinyTeX/texmf-dist/fonts/enc/dvips/lm/lm-mathit.enc}{/Users/jacoboram/Library/TinyTeX/texmf-dist/fonts/enc/dvips/lm/lm-rm.enc}{/Users/jacoboram/Library/TinyTeX/texmf-dist/fonts/enc/dvips/lm/lm-ts1.enc}]
LaTeX Font Info:    Font shape `T1/lmtt/bx/n' in size <10> not available
(Font)              Font shape `T1/lmtt/b/n' tried instead on input line 267.

LaTeX Warning: Reference `(' on page 5 undefined on input line 303.



[5]

[6]

[7]

[8]

[9]

[10]

[11{/Users/jacoboram/Library/TinyTeX/texmf-dist/fonts/enc/dvips/lm/lm-mathsy.enc}]
<Vignette_files/figure-latex/unnamed-chunk-4-1.pdf, id=140, 453.695pt x 313.17pt>
File: Vignette_files/figure-latex/unnamed-chunk-4-1.pdf Graphic file (type pdf)
<use Vignette_files/figure-latex/unnamed-chunk-4-1.pdf>
Package pdftex.def Info: Vignette_files/figure-latex/unnamed-chunk-4-1.pdf  used on input line 718.
(pdftex.def)             Requested size: 453.6939pt x 313.16922pt.


[12]
<Vignette_files/figure-latex/unnamed-chunk-5-1.pdf, id=145, 452.69125pt x 313.17pt>
File: Vignette_files/figure-latex/unnamed-chunk-5-1.pdf Graphic file (type pdf)
<use Vignette_files/figure-latex/unnamed-chunk-5-1.pdf>
Package pdftex.def Info: Vignette_files/figure-latex/unnamed-chunk-5-1.pdf  used on input line 734.
(pdftex.def)             Requested size: 452.69014pt x 313.16922pt.


[13 <./Vignette_files/figure-latex/unnamed-chunk-4-1.pdf>]
<Vignette_files/figure-latex/unnamed-chunk-6-1.pdf, id=158, 453.695pt x 313.17pt>
File: Vignette_files/figure-latex/unnamed-chunk-6-1.pdf Graphic file (type pdf)
<use Vignette_files/figure-latex/unnamed-chunk-6-1.pdf>
Package pdftex.def Info: Vignette_files/figure-latex/unnamed-chunk-6-1.pdf  used on input line 746.
(pdftex.def)             Requested size: 453.6939pt x 313.16922pt.


[14 <./Vignette_files/figure-latex/unnamed-chunk-5-1.pdf>]
<Vignette_files/figure-latex/unnamed-chunk-7-1.pdf, id=171, 706.64pt x 710.655pt>
File: Vignette_files/figure-latex/unnamed-chunk-7-1.pdf Graphic file (type pdf)
<use Vignette_files/figure-latex/unnamed-chunk-7-1.pdf>
Package pdftex.def Info: Vignette_files/figure-latex/unnamed-chunk-7-1.pdf  used on input line 759.
(pdftex.def)             Requested size: 469.75874pt x 472.42783pt.


[15 <./Vignette_files/figure-latex/unnamed-chunk-6-1.pdf>]

[16 <./Vignette_files/figure-latex/unnamed-chunk-7-1.pdf>]
<Vignette_files/figure-latex/unnamed-chunk-9-1.pdf, id=194, 452.69125pt x 313.17pt>
File: Vignette_files/figure-latex/unnamed-chunk-9-1.pdf Graphic file (type pdf)
<use Vignette_files/figure-latex/unnamed-chunk-9-1.pdf>
Package pdftex.def Info: Vignette_files/figure-latex/unnamed-chunk-9-1.pdf  used on input line 799.
(pdftex.def)             Requested size: 452.69014pt x 313.16922pt.


[17 <./Vignette_files/figure-latex/unnamed-chunk-9-1.pdf>]

[18]
LaTeX Font Info:    Trying to load font information for TS1+lmtt on input line 883.
(/Users/jacoboram/Library/TinyTeX/texmf-dist/tex/latex/lm/ts1lmtt.fd
File: ts1lmtt.fd 2015/05/01 v1.6.1 Font defs for Latin Modern
)

[19]

[20]
Overfull \hbox (6360.47513pt too wide) in paragraph at lines 1012--1012
[]\T1/lmtt/m/n/10 ##   |                                                          |                                                  |   0%  |                                                          |=====                                             |  10%  |                                                          |==========                                        |  20%  |                                                          |===============                                   |  30%  |                                                          |====================                              |  40%  |                                                          |=========================                         |  50%  |                                                          |==============================                    |  60%  |                                                          |===================================               |  70%  |                                                          |========================================          |  80%  |                                                          |=============================================     |  90%  |                                                          |==================================================| 100%[] 
 []


Overfull \hbox (6360.47513pt too wide) in paragraph at lines 1024--1024
[]\T1/lmtt/m/n/10 ##   |                                                          |                                                  |   0%  |                                                          |=====                                             |  10%  |                                                          |==========                                        |  20%  |                                                          |===============                                   |  30%  |                                                          |====================                              |  40%  |                                                          |=========================                         |  50%  |                                                          |==============================                    |  60%  |                                                          |===================================               |  70%  |                                                          |========================================          |  80%  |                                                          |=============================================     |  90%  |                                                          |==================================================| 100%[] 
 []


Overfull \hbox (6360.47513pt too wide) in paragraph at lines 1036--1036
[]\T1/lmtt/m/n/10 ##   |                                                          |                                                  |   0%  |                                                          |=====                                             |  10%  |                                                          |==========                                        |  20%  |                                                          |===============                                   |  30%  |                                                          |====================                              |  40%  |                                                          |=========================                         |  50%  |                                                          |==============================                    |  60%  |                                                          |===================================               |  70%  |                                                          |========================================          |  80%  |                                                          |=============================================     |  90%  |                                                          |==================================================| 100%[] 
 []



[21]
Overfull \hbox (6360.47513pt too wide) in paragraph at lines 1048--1048
[]\T1/lmtt/m/n/10 ##   |                                                          |                                                  |   0%  |                                                          |=====                                             |  10%  |                                                          |==========                                        |  20%  |                                                          |===============                                   |  30%  |                                                          |====================                              |  40%  |                                                          |=========================                         |  50%  |                                                          |==============================                    |  60%  |                                                          |===================================               |  70%  |                                                          |========================================          |  80%  |                                                          |=============================================     |  90%  |                                                          |==================================================| 100%[] 
 []



[22]
<Vignette_files/figure-latex/vizGroup-1.pdf, id=231, 439.6425pt x 316.18124pt>
File: Vignette_files/figure-latex/vizGroup-1.pdf Graphic file (type pdf)
<use Vignette_files/figure-latex/vizGroup-1.pdf>
Package pdftex.def Info: Vignette_files/figure-latex/vizGroup-1.pdf  used on input line 1129.
(pdftex.def)             Requested size: 439.65483pt x 316.19011pt.


[23]

[24 <./Vignette_files/figure-latex/vizGroup-1.pdf>]
<Vignette_files/figure-latex/vizOne-1.pdf, id=254, 439.6425pt x 316.18124pt>
File: Vignette_files/figure-latex/vizOne-1.pdf Graphic file (type pdf)
<use Vignette_files/figure-latex/vizOne-1.pdf>
Package pdftex.def Info: Vignette_files/figure-latex/vizOne-1.pdf  used on input line 1154.
(pdftex.def)             Requested size: 439.65483pt x 316.19011pt.


[25 <./Vignette_files/figure-latex/vizOne-1.pdf>]
<Vignette_files/figure-latex/plotWidth-1.pdf, id=275, 457.71pt x 316.18124pt>
File: Vignette_files/figure-latex/plotWidth-1.pdf Graphic file (type pdf)
<use Vignette_files/figure-latex/plotWidth-1.pdf>
Package pdftex.def Info: Vignette_files/figure-latex/plotWidth-1.pdf  used on input line 1195.
(pdftex.def)             Requested size: 457.72984pt x 316.19493pt.


[26 <./Vignette_files/figure-latex/plotWidth-1.pdf>]
<Vignette_files/figure-latex/vizPsi-1.pdf, id=287, 440.64626pt x 316.18124pt>
File: Vignette_files/figure-latex/vizPsi-1.pdf Graphic file (type pdf)
<use Vignette_files/figure-latex/vizPsi-1.pdf>
Package pdftex.def Info: Vignette_files/figure-latex/vizPsi-1.pdf  used on input line 1221.
(pdftex.def)             Requested size: 440.66533pt x 316.19493pt.


[27 <./Vignette_files/figure-latex/vizPsi-1.pdf>]
<Vignette_files/figure-latex/plotTheta-1.pdf, id=307, 693.59125pt x 713.66624pt>
File: Vignette_files/figure-latex/plotTheta-1.pdf Graphic file (type pdf)
<use Vignette_files/figure-latex/plotTheta-1.pdf>
Package pdftex.def Info: Vignette_files/figure-latex/plotTheta-1.pdf  used on input line 1243.
(pdftex.def)             Requested size: 469.77315pt x 483.37004pt.

LaTeX Warning: Reference `fig:plotPsi' on page 28 undefined on input line 1249.



[28]

[29 <./Vignette_files/figure-latex/plotTheta-1.pdf>]

[30]

[31]
<Vignette_files/figure-latex/unnamed-chunk-19-1.pdf, id=348, 452.69125pt x 313.17pt>
File: Vignette_files/figure-latex/unnamed-chunk-19-1.pdf Graphic file (type pdf)
<use Vignette_files/figure-latex/unnamed-chunk-19-1.pdf>
Package pdftex.def Info: Vignette_files/figure-latex/unnamed-chunk-19-1.pdf  used on input line 1421.
(pdftex.def)             Requested size: 452.69014pt x 313.16922pt.


[32]
<Vignette_files/figure-latex/unnamed-chunk-20-1.pdf, id=353, 453.695pt x 313.17pt>
File: Vignette_files/figure-latex/unnamed-chunk-20-1.pdf Graphic file (type pdf)
<use Vignette_files/figure-latex/unnamed-chunk-20-1.pdf>
Package pdftex.def Info: Vignette_files/figure-latex/unnamed-chunk-20-1.pdf  used on input line 1433.
(pdftex.def)             Requested size: 453.6939pt x 313.16922pt.


[33 <./Vignette_files/figure-latex/unnamed-chunk-19-1.pdf>]
<Vignette_files/figure-latex/unnamed-chunk-21-1.pdf, id=365, 706.64pt x 710.655pt>
File: Vignette_files/figure-latex/unnamed-chunk-21-1.pdf Graphic file (type pdf)
<use Vignette_files/figure-latex/unnamed-chunk-21-1.pdf>
Package pdftex.def Info: Vignette_files/figure-latex/unnamed-chunk-21-1.pdf  used on input line 1445.
(pdftex.def)             Requested size: 469.75874pt x 472.42783pt.


[34 <./Vignette_files/figure-latex/unnamed-chunk-20-1.pdf>]

[35 <./Vignette_files/figure-latex/unnamed-chunk-21-1.pdf>]

[36]

[37]
Overfull \hbox (6360.47513pt too wide) in paragraph at lines 1619--1619
[]\T1/lmtt/m/n/10 ##   |                                                          |                                                  |   0%  |                                                          |=====                                             |  10%  |                                                          |==========                                        |  20%  |                                                          |===============                                   |  30%  |                                                          |====================                              |  40%  |                                                          |=========================                         |  50%  |                                                          |==============================                    |  60%  |                                                          |===================================               |  70%  |                                                          |========================================          |  80%  |                                                          |=============================================     |  90%  |                                                          |==================================================| 100%[] 
 []


Overfull \hbox (6360.47513pt too wide) in paragraph at lines 1631--1631
[]\T1/lmtt/m/n/10 ##   |                                                          |                                                  |   0%  |                                                          |=====                                             |  10%  |                                                          |==========                                        |  20%  |                                                          |===============                                   |  30%  |                                                          |====================                              |  40%  |                                                          |=========================                         |  50%  |                                                          |==============================                    |  60%  |                                                          |===================================               |  70%  |                                                          |========================================          |  80%  |                                                          |=============================================     |  90%  |                                                          |==================================================| 100%[] 
 []


Overfull \hbox (6360.47513pt too wide) in paragraph at lines 1643--1643
[]\T1/lmtt/m/n/10 ##   |                                                          |                                                  |   0%  |                                                          |=====                                             |  10%  |                                                          |==========                                        |  20%  |                                                          |===============                                   |  30%  |                                                          |====================                              |  40%  |                                                          |=========================                         |  50%  |                                                          |==============================                    |  60%  |                                                          |===================================               |  70%  |                                                          |========================================          |  80%  |                                                          |=============================================     |  90%  |                                                          |==================================================| 100%[] 
 []


Overfull \hbox (6360.47513pt too wide) in paragraph at lines 1655--1655
[]\T1/lmtt/m/n/10 ##   |                                                          |                                                  |   0%  |                                                          |=====                                             |  10%  |                                                          |==========                                        |  20%  |                                                          |===============                                   |  30%  |                                                          |====================                              |  40%  |                                                          |=========================                         |  50%  |                                                          |==============================                    |  60%  |                                                          |===================================               |  70%  |                                                          |========================================          |  80%  |                                                          |=============================================     |  90%  |                                                          |==================================================| 100%[] 
 []



[38]
Overfull \hbox (6360.47513pt too wide) in paragraph at lines 1667--1667
[]\T1/lmtt/m/n/10 ##   |                                                          |                                                  |   0%  |                                                          |=====                                             |  10%  |                                                          |==========                                        |  20%  |                                                          |===============                                   |  30%  |                                                          |====================                              |  40%  |                                                          |=========================                         |  50%  |                                                          |==============================                    |  60%  |                                                          |===================================               |  70%  |                                                          |========================================          |  80%  |                                                          |=============================================     |  90%  |                                                          |==================================================| 100%[] 
 []


Overfull \hbox (6360.47513pt too wide) in paragraph at lines 1679--1679
[]\T1/lmtt/m/n/10 ##   |                                                          |                                                  |   0%  |                                                          |=====                                             |  10%  |                                                          |==========                                        |  20%  |                                                          |===============                                   |  30%  |                                                          |====================                              |  40%  |                                                          |=========================                         |  50%  |                                                          |==============================                    |  60%  |                                                          |===================================               |  70%  |                                                          |========================================          |  80%  |                                                          |=============================================     |  90%  |                                                          |==================================================| 100%[] 
 []

<Vignette_files/figure-latex/vizLamBySpecies-1.pdf, id=401, 692.5875pt x 713.66624pt>
File: Vignette_files/figure-latex/vizLamBySpecies-1.pdf Graphic file (type pdf)
<use Vignette_files/figure-latex/vizLamBySpecies-1.pdf>
Package pdftex.def Info: Vignette_files/figure-latex/vizLamBySpecies-1.pdf  used on input line 1704.
(pdftex.def)             Requested size: 469.76964pt x 484.06697pt.
<Vignette_files/figure-latex/vizPsiBySpecies-1.pdf, id=403, 693.59125pt x 713.66624pt>
File: Vignette_files/figure-latex/vizPsiBySpecies-1.pdf Graphic file (type pdf)
<use Vignette_files/figure-latex/vizPsiBySpecies-1.pdf>
Package pdftex.def Info: Vignette_files/figure-latex/vizPsiBySpecies-1.pdf  used on input line 1727.
(pdftex.def)             Requested size: 469.77315pt x 483.37004pt.


[39]

[40 <./Vignette_files/figure-latex/vizLamBySpecies-1.pdf>]

[41 <./Vignette_files/figure-latex/vizPsiBySpecies-1.pdf>]
<Vignette_files/figure-latex/vizThetaBySpecies-1.pdf, id=445, 693.59125pt x 713.66624pt>
File: Vignette_files/figure-latex/vizThetaBySpecies-1.pdf Graphic file (type pdf)
<use Vignette_files/figure-latex/vizThetaBySpecies-1.pdf>
Package pdftex.def Info: Vignette_files/figure-latex/vizThetaBySpecies-1.pdf  used on input line 1750.
(pdftex.def)             Requested size: 469.77315pt x 483.37004pt.
<Vignette_files/figure-latex/widthVscalls-1.pdf, id=448, 710.655pt x 713.66624pt>
File: Vignette_files/figure-latex/widthVscalls-1.pdf Graphic file (type pdf)
<use Vignette_files/figure-latex/widthVscalls-1.pdf>
Package pdftex.def Info: Vignette_files/figure-latex/widthVscalls-1.pdf  used on input line 1774.
(pdftex.def)             Requested size: 469.77112pt x 471.76167pt.


[42]

[43 <./Vignette_files/figure-latex/vizThetaBySpecies-1.pdf>]

[44 <./Vignette_files/figure-latex/widthVscalls-1.pdf>]

[45]
Underfull \hbox (badness 4739) in paragraph at lines 1804--1805
[]|\T1/lmr/m/n/10 The type of val-i-da-tion de-sign.
 []


Underfull \hbox (badness 1515) in paragraph at lines 1806--1807
\T1/lmr/m/n/10 si-ble per-cent-ages to val-i-date for
 []


Underfull \hbox (badness 1102) in paragraph at lines 1808--1809
[]|\T1/lmr/m/n/10 The num-ber of sites, vis-its and
 []


Underfull \hbox (badness 10000) in paragraph at lines 1812--1813
[]|\T1/lmr/m/n/10 The work-ing di-rec-tory where
 []


Underfull \hbox (badness 1286) in paragraph at lines 1812--1813
\T1/lmr/m/n/10 datasets are to be saved if the
 []


Underfull \hbox (badness 4048) in paragraph at lines 1812--1813
\T1/lmr/m/n/10 fol-low-ing ar-gu-ments are set to
 []


Underfull \hbox (badness 10000) in paragraph at lines 1814--1814
[]|\T1/lmtt/m/n/10 save_datasets, save_masked_-
 []


Underfull \hbox (badness 10000) in paragraph at lines 1818--1819
[]|\T1/lmr/m/n/10 A list of sim-u-lated (masked)
 []


Underfull \hbox (badness 10000) in paragraph at lines 1818--1819
\T1/lmr/m/n/10 datasets out-put from
 []


Underfull \hbox (badness 1590) in paragraph at lines 1822--1823
\T1/lmr/m/n/10 is to be used with any of the
 []


Underfull \hbox (badness 10000) in paragraph at lines 1822--1823
\T1/lmtt/m/n/10 plot_X_vs_calls \T1/lmr/m/n/10 func-tions de-
 []


Underfull \hbox (badness 2351) in paragraph at lines 1822--1823
\T1/lmr/m/n/10 scribed be-low, this string must
 []


Underfull \hbox (badness 10000) in paragraph at lines 1822--1823
\T1/lmr/m/n/10 match the \T1/lmtt/m/n/10 theta_scenario_id
 []


Underfull \hbox (badness 10000) in paragraph at lines 1826--1827
\T1/lmr/m/n/10 in the for-mat out-put from
 []


Underfull \hbox (badness 4303) in paragraph at lines 1828--1829
\T1/lmr/m/n/10 tain-ing the site-visit-true-autoID
 []


Underfull \hbox (badness 1168) in paragraph at lines 1830--1831
[]|\T1/lmr/m/n/10 A named list of the true data-
 []


Underfull \hbox (badness 10000) in paragraph at lines 1830--1831
\T1/lmr/m/n/10 generating val-ues with en-tries
 []


Underfull \hbox (badness 10000) in paragraph at lines 1834--1835
[]|\T1/lmr/m/n/10 A log-i-cal in-di-cat-ing whether
 []


Underfull \hbox (badness 1540) in paragraph at lines 1834--1835
\T1/lmr/m/n/10 If you have many datasets and
 []


Overfull \hbox (7.1745pt too wide) in paragraph at lines 1840--1840
[]|\T1/lmtt/m/n/10 save_individual_summaries_list| 
 []


Overfull \hbox (2.47954pt too wide) in paragraph at lines 1842--1843
\T1/lmtt/m/n/10 save_individual_summaries_list
 []


Underfull \hbox (badness 1694) in paragraph at lines 1842--1843
\T1/lmr/m/n/10 rent work-ing di-rec-tory given by
 []


Overfull \hbox (4.41376pt too wide) in paragraph at lines 1847--1847
[]|\T1/lmtt/m/n/10 visualize_parameter_group| 
 []


Underfull \hbox (badness 2150) in paragraph at lines 1847--1848
\T1/lmr/m/n/10 sum-maries out-put by \T1/lmtt/m/n/10 run_sims\T1/lmr/m/n/10 .
 []


Underfull \hbox (badness 10000) in paragraph at lines 1849--1850
[]|\T1/lmr/m/n/10 The name of the pa-ram-e-ter
 []


Underfull \hbox (badness 6348) in paragraph at lines 1849--1850
\T1/lmr/m/n/10 ``group'' to be vi-su-al-ized (e.g,
 []


Overfull \hbox (9.66374pt too wide) in paragraph at lines 1859--1859
[]|\T1/lmtt/m/n/10 visualize_single_parameter| 
 []


Underfull \hbox (badness 10000) in paragraph at lines 1859--1860
[]|\T1/lmr/m/n/10 Arguments are iden-ti-cal to
 []


Underfull \hbox (badness 10000) in paragraph at lines 1864--1864
[]|\T1/lmtt/m/n/10 plot_-bias_-vs_-calls\T1/lmr/m/n/10 ,
 []


Underfull \hbox (badness 10000) in paragraph at lines 1864--1864
\T1/lmtt/m/n/10 plot_-coverage_-vs_-calls\T1/lmr/m/n/10 ,
 []


Underfull \hbox (badness 3138) in paragraph at lines 1866--1867
\T1/lmr/m/n/10 for-mat is that of out-put from
 []


Underfull \hbox (badness 2591) in paragraph at lines 1879--1879
[]\T1/lmr/m/n/10 Table 2: Ar-gu-ment de-scrip-tions for each func-tion in the
 []

[46] [47]

[48] (./Vignette.aux)
 ***********
LaTeX2e <2024-11-01> patch level 1
L3 programming layer <2024-11-02>
 ***********

LaTeX Warning: There were undefined references.

 ) 
Here is how much of TeX's memory you used:
 13941 strings out of 475290
 222096 string characters out of 5767852
 675633 words of memory out of 5000000
 36427 multiletter control sequences out of 15000+600000
 640761 words of font info for 99 fonts, out of 8000000 for 9000
 14 hyphenation exceptions out of 8191
 89i,11n,93p,1316b,601s stack positions out of 10000i,1000n,20000p,200000b,200000s
</Users/jacoboram/Library/TinyTeX/texmf-dist/fonts/type1/public/lm/lmbx10.pfb></Users/jacoboram/Library/TinyTeX/texmf-dist/fonts/type1/public/lm/lmbx12.pfb></Users/jacoboram/Library/TinyTeX/texmf-dist/fonts/type1/public/lm/lmbx9.pfb></Users/jacoboram/Library/TinyTeX/texmf-dist/fonts/type1/public/lm/lmmi10.pfb></Users/jacoboram/Library/TinyTeX/texmf-dist/fonts/type1/public/lm/lmmi7.pfb></Users/jacoboram/Library/TinyTeX/texmf-dist/fonts/type1/public/lm/lmmib10.pfb></Users/jacoboram/Library/TinyTeX/texmf-dist/fonts/type1/public/lm/lmr10.pfb></Users/jacoboram/Library/TinyTeX/texmf-dist/fonts/type1/public/lm/lmr12.pfb></Users/jacoboram/Library/TinyTeX/texmf-dist/fonts/type1/public/lm/lmr17.pfb></Users/jacoboram/Library/TinyTeX/texmf-dist/fonts/type1/public/lm/lmr7.pfb></Users/jacoboram/Library/TinyTeX/texmf-dist/fonts/type1/public/lm/lmr8.pfb></Users/jacoboram/Library/TinyTeX/texmf-dist/fonts/type1/public/lm/lmr9.pfb></Users/jacoboram/Library/TinyTeX/texmf-dist/fonts/type1/public/lm/lmri10.pfb></Users/jacoboram/Library/TinyTeX/texmf-dist/fonts/type1/public/lm/lmri9.pfb></Users/jacoboram/Library/TinyTeX/texmf-dist/fonts/type1/public/lm/lmsy10.pfb></Users/jacoboram/Library/TinyTeX/texmf-dist/fonts/type1/public/lm/lmtk10.pfb></Users/jacoboram/Library/TinyTeX/texmf-dist/fonts/type1/public/lm/lmtt10.pfb></Users/jacoboram/Library/TinyTeX/texmf-dist/fonts/type1/public/lm/lmtt12.pfb></Users/jacoboram/Library/TinyTeX/texmf-dist/fonts/type1/public/lm/lmtt9.pfb></Users/jacoboram/Library/TinyTeX/texmf-dist/fonts/type1/public/lm/lmtti10.pfb>
Output written on Vignette.pdf (48 pages, 12767114 bytes).
PDF statistics:
 713 PDF objects out of 1000 (max. 8388607)
 555 compressed objects within 6 object streams
 104 named destinations out of 1000 (max. 500000)
 286 words of extra memory for PDF output out of 10000 (max. 10000000)

